[35m[Appium][39m Welcome to Appium v1.22.3
[35m[Appium][39m Non-default server args:
[35m[Appium][39m   port: 61872
[35m[Appium][39m   loglevel: info
[35m[Appium][39m   tmpDir: C:\Users\Elite66\AppData\Local\Temp\\Katalon\Appium\Temp1726056593817
[35m[Appium][39m Appium REST http interface listener started on 0.0.0.0:61872
[35m[HTTP][39m [37m-->[39m [37mGET[39m [37m/wd/hub/status[39m
[35m[HTTP][39m [90m{}[39m
[35m[HTTP][39m [37m<-- GET /wd/hub/status [39m[32m200[39m [90m3 ms - 68[39m
[35m[HTTP][39m [90m[39m
[35m[HTTP][39m [37m-->[39m [37mGET[39m [37m/wd/hub/status[39m
[35m[HTTP][39m [90m{}[39m
[35m[HTTP][39m [37m<-- GET /wd/hub/status [39m[32m200[39m [90m1 ms - 68[39m
[35m[HTTP][39m [90m[39m
[35m[HTTP][39m [37m-->[39m [37mPOST[39m [37m/wd/hub/session[39m
[35m[HTTP][39m [90m{"desiredCapabilities":{"appActivity":".Settings","appPackage":"com.android.settings","newCommandTimeout":1800,"platformVersion":"13","automationName":"uiautomator2","autoGrantPermissions":true,"platformName":"Android","udid":"emulator-5554","deviceName":"emulator-5554 (sdk_gphone64_x86_64 - Android 13)","systemPort":8273},"capabilities":{"firstMatch":[{"appium:appActivity":".Settings","appium:appPackage":"com.android.settings","appium:autoGrantPermissions":true,"appium:automationName":"uiautomator2","appium:deviceName":"emulator-5554 (sdk_gphone64_x86_64 - Android 13)","appium:newCommandTimeout":1800,"platformName":"android","appium:platformVersion":"13","appium:systemPort":8273,"appium:udid":"emulator-5554"}]}}[39m
[35m[Appium][39m Appium v1.22.3 creating new AndroidUiautomator2Driver (v1.70.1) session
[35m[BaseDriver][39m Session created with session id: 93d89e12-55b2-457f-aae7-7a99c31d5000
[35m[UiAutomator2][39m Starting 'com.android.settings' directly on the device
[35m[ADB][39m Found 1 'build-tools' folders under 'C:\Users\Elite66\AppData\Local\Android\Sdk' (newest first):
[35m[ADB][39m     C:/Users/Elite66/AppData/Local/Android/Sdk/build-tools/35.0.0
[35m[ADB][39m Using 'adb.exe' from 'C:\Users\Elite66\AppData\Local\Android\Sdk\platform-tools\adb.exe'
[35m[AndroidDriver][39m Retrieving device list
[35m[AndroidDriver][39m Using device: emulator-5554
[35m[ADB][39m Using 'adb.exe' from 'C:\Users\Elite66\AppData\Local\Android\Sdk\platform-tools\adb.exe'
[35m[ADB][39m Getting device platform version
[35m[UiAutomator2][39m Relaxing hidden api policy
[35m[AndroidDriver][39m No app sent in, not parsing package/activity
[35m[ADB][39m Using 'apksigner.jar' from 'C:\Users\Elite66\AppData\Local\Android\Sdk\build-tools\35.0.0\lib\apksigner.jar'
[35m[ADB][39m 'C:\Users\Elite66\AppData\Roaming\npm\node_modules\appium\node_modules\appium-uiautomator2-server\apks\appium-uiautomator2-server-v4.27.0.apk' is signed with the default certificate
[35m[ADB][39m 'C:\Users\Elite66\AppData\Roaming\npm\node_modules\appium\node_modules\appium-uiautomator2-server\apks\appium-uiautomator2-server-debug-androidTest.apk' is signed with the default certificate
[35m[UiAutomator2][39m Server packages are not going to be (re)installed
[35m[ADB][39m Adding packages ["io.appium.settings","io.appium.uiautomator2.server","io.appium.uiautomator2.server.test"] to Doze whitelist
[35m[UiAutomator2][39m Starting UIAutomator2 server 4.27.0
[35m[UiAutomator2][39m Using UIAutomator2 server from 'C:\Users\Elite66\AppData\Roaming\npm\node_modules\appium\node_modules\appium-uiautomator2-server\apks\appium-uiautomator2-server-v4.27.0.apk' and test from 'C:\Users\Elite66\AppData\Roaming\npm\node_modules\appium\node_modules\appium-uiautomator2-server\apks\appium-uiautomator2-server-debug-androidTest.apk'
[35m[UiAutomator2][39m Waiting up to 30000ms for UiAutomator2 to be online...
[35m[WD Proxy][39m socket hang up
[35m[WD Proxy][39m socket hang up
[35m[WD Proxy][39m socket hang up
[35m[WD Proxy][39m socket hang up
[35m[WD Proxy][39m Determined the downstream protocol as 'W3C'
[35m[AndroidDriver][39m Screen already unlocked, doing nothing
[35m[UiAutomator2][39m Starting 'com.android.settings/.Settings and waiting for 'com.android.settings/.Settings'
[35m[Appium][39m New AndroidUiautomator2Driver session created successfully, session 93d89e12-55b2-457f-aae7-7a99c31d5000 added to master session list
[35m[HTTP][39m [37m<-- POST /wd/hub/session [39m[32m200[39m [90m9813 ms - 1122[39m
[35m[HTTP][39m [90m[39m
[35m[HTTP][39m [37m-->[39m [37mGET[39m [37m/wd/hub/session/93d89e12-55b2-457f-aae7-7a99c31d5000[39m
[35m[HTTP][39m [90m{}[39m
[35m[HTTP][39m [37m<-- GET /wd/hub/session/93d89e12-55b2-457f-aae7-7a99c31d5000 [39m[32m200[39m [90m24 ms - 1076[39m
[35m[HTTP][39m [90m[39m
[35m[HTTP][39m [37m-->[39m [37mGET[39m [37m/wd/hub/session/93d89e12-55b2-457f-aae7-7a99c31d5000[39m
[35m[HTTP][39m [90m{}[39m
[35m[HTTP][39m [37m<-- GET /wd/hub/session/93d89e12-55b2-457f-aae7-7a99c31d5000 [39m[32m200[39m [90m16 ms - 1076[39m
[35m[HTTP][39m [90m[39m
[35m[HTTP][39m [37m-->[39m [37mGET[39m [37m/wd/hub/status[39m
[35m[HTTP][39m [90m{}[39m
[35m[HTTP][39m [37m<-- GET /wd/hub/status [39m[32m200[39m [90m1 ms - 68[39m
[35m[HTTP][39m [90m[39m
[35m[HTTP][39m [37m-->[39m [37mPOST[39m [37m/wd/hub/session/93d89e12-55b2-457f-aae7-7a99c31d5000/timeouts[39m
[35m[HTTP][39m [90m{"implicit":60000}[39m
[35m[HTTP][39m [37m<-- POST /wd/hub/session/93d89e12-55b2-457f-aae7-7a99c31d5000/timeouts [39m[32m200[39m [90m2 ms - 14[39m
[35m[HTTP][39m [90m[39m
[35m[HTTP][39m [37m-->[39m [37mGET[39m [37m/wd/hub/session/93d89e12-55b2-457f-aae7-7a99c31d5000/appium/device/system_bars[39m
[35m[HTTP][39m [90m{}[39m
[35m[HTTP][39m [37m<-- GET /wd/hub/session/93d89e12-55b2-457f-aae7-7a99c31d5000/appium/device/system_bars [39m[32m200[39m [90m80 ms - 145[39m
[35m[HTTP][39m [90m[39m
[35m[HTTP][39m [37m-->[39m [37mPOST[39m [37m/wd/hub/session/93d89e12-55b2-457f-aae7-7a99c31d5000/execute/sync[39m
[35m[HTTP][39m [90m{"script":"mobile:viewportRect","args":[]}[39m
[35m[AndroidDriver][39m Executing native command 'mobile:viewportRect'
[35m[HTTP][39m [37m<-- POST /wd/hub/session/93d89e12-55b2-457f-aae7-7a99c31d5000/execute/sync [39m[32m200[39m [90m16 ms - 56[39m
[35m[HTTP][39m [90m[39m
[35m[HTTP][39m [37m-->[39m [37mPOST[39m [37m/wd/hub/session/93d89e12-55b2-457f-aae7-7a99c31d5000/appium/device/activate_app[39m
[35m[HTTP][39m [90m{"bundleId":"com.jainam.space"}[39m
[35m[HTTP][39m [37m<-- POST /wd/hub/session/93d89e12-55b2-457f-aae7-7a99c31d5000/appium/device/activate_app [39m[32m200[39m [90m501 ms - 14[39m
[35m[HTTP][39m [90m[39m
[35m[HTTP][39m [37m-->[39m [37mGET[39m [37m/wd/hub/session/93d89e12-55b2-457f-aae7-7a99c31d5000/source[39m
[35m[HTTP][39m [90m{}[39m
[35m[W3C (93d89e12)][39m Driver proxy active, passing request on via HTTP proxy
[35m[WD Proxy][39m Replacing sessionId fd471390-7bff-4397-8e4b-9497a552275b with 93d89e12-55b2-457f-aae7-7a99c31d5000
[35m[HTTP][39m [37m<-- GET /wd/hub/session/93d89e12-55b2-457f-aae7-7a99c31d5000/source [39m[32m200[39m [90m804 ms - 12724[39m
[35m[HTTP][39m [90m[39m
[35m[HTTP][39m [37m-->[39m [37mGET[39m [37m/wd/hub/session/93d89e12-55b2-457f-aae7-7a99c31d5000/screenshot[39m
[35m[HTTP][39m [90m{}[39m
[35m[HTTP][39m [37m<-- GET /wd/hub/session/93d89e12-55b2-457f-aae7-7a99c31d5000/screenshot [39m[32m200[39m [90m351 ms - 302456[39m
[35m[HTTP][39m [90m[39m
[35m[HTTP][39m [37m-->[39m [37mPOST[39m [37m/wd/hub/session/93d89e12-55b2-457f-aae7-7a99c31d5000/timeouts[39m
[35m[HTTP][39m [90m{"implicit":1000}[39m
[35m[HTTP][39m [37m<-- POST /wd/hub/session/93d89e12-55b2-457f-aae7-7a99c31d5000/timeouts [39m[32m200[39m [90m1 ms - 14[39m
[35m[HTTP][39m [90m[39m
[35m[HTTP][39m [37m-->[39m [37mPOST[39m [37m/wd/hub/session/93d89e12-55b2-457f-aae7-7a99c31d5000/elements[39m
[35m[HTTP][39m [90m{"using":"xpath","value":"//*[@class = 'android.view.View' and @resource-id = '' and (@content-desc = 'View Timeline')]"}[39m
[35m[HTTP][39m [37m<-- POST /wd/hub/session/93d89e12-55b2-457f-aae7-7a99c31d5000/elements [39m[32m200[39m [90m252 ms - 267[39m
[35m[HTTP][39m [90m[39m
[35m[HTTP][39m [37m-->[39m [37mGET[39m [37m/wd/hub/session/93d89e12-55b2-457f-aae7-7a99c31d5000/element/00000000-0000-06ed-0000-00bb00000003/location[39m
[35m[HTTP][39m [90m{}[39m
[35m[W3C (93d89e12)][39m Driver proxy active, passing request on via HTTP proxy
[35m[WD Proxy][39m Replacing sessionId fd471390-7bff-4397-8e4b-9497a552275b with 93d89e12-55b2-457f-aae7-7a99c31d5000
[35m[HTTP][39m [37m<-- GET /wd/hub/session/93d89e12-55b2-457f-aae7-7a99c31d5000/element/00000000-0000-06ed-0000-00bb00000003/location [39m[32m200[39m [90m28 ms - 78[39m
[35m[HTTP][39m [90m[39m
[35m[HTTP][39m [37m-->[39m [37mGET[39m [37m/wd/hub/session/93d89e12-55b2-457f-aae7-7a99c31d5000/element/00000000-0000-06ed-0000-00bb00000003/size[39m
[35m[HTTP][39m [90m{}[39m
[35m[W3C (93d89e12)][39m Driver proxy active, passing request on via HTTP proxy
[35m[WD Proxy][39m Replacing sessionId fd471390-7bff-4397-8e4b-9497a552275b with 93d89e12-55b2-457f-aae7-7a99c31d5000
[35m[HTTP][39m [37m<-- GET /wd/hub/session/93d89e12-55b2-457f-aae7-7a99c31d5000/element/00000000-0000-06ed-0000-00bb00000003/size [39m[32m200[39m [90m13 ms - 87[39m
[35m[HTTP][39m [90m[39m
[35m[HTTP][39m [37m-->[39m [37mGET[39m [37m/wd/hub/session/93d89e12-55b2-457f-aae7-7a99c31d5000/element/00000000-0000-06ed-0000-00be00000003/location[39m
[35m[HTTP][39m [90m{}[39m
[35m[W3C (93d89e12)][39m Driver proxy active, passing request on via HTTP proxy
[35m[WD Proxy][39m Replacing sessionId fd471390-7bff-4397-8e4b-9497a552275b with 93d89e12-55b2-457f-aae7-7a99c31d5000
[35m[HTTP][39m [37m<-- GET /wd/hub/session/93d89e12-55b2-457f-aae7-7a99c31d5000/element/00000000-0000-06ed-0000-00be00000003/location [39m[32m200[39m [90m29 ms - 78[39m
[35m[HTTP][39m [90m[39m
[35m[HTTP][39m [37m-->[39m [37mGET[39m [37m/wd/hub/session/93d89e12-55b2-457f-aae7-7a99c31d5000/element/00000000-0000-06ed-0000-00be00000003/size[39m
[35m[HTTP][39m [90m{}[39m
[35m[W3C (93d89e12)][39m Driver proxy active, passing request on via HTTP proxy
[35m[WD Proxy][39m Replacing sessionId fd471390-7bff-4397-8e4b-9497a552275b with 93d89e12-55b2-457f-aae7-7a99c31d5000
[35m[HTTP][39m [37m<-- GET /wd/hub/session/93d89e12-55b2-457f-aae7-7a99c31d5000/element/00000000-0000-06ed-0000-00be00000003/size [39m[32m200[39m [90m19 ms - 87[39m
[35m[HTTP][39m [90m[39m
[35m[HTTP][39m [37m-->[39m [37mPOST[39m [37m/wd/hub/session/93d89e12-55b2-457f-aae7-7a99c31d5000/timeouts[39m
[35m[HTTP][39m [90m{"implicit":1000}[39m
[35m[HTTP][39m [37m<-- POST /wd/hub/session/93d89e12-55b2-457f-aae7-7a99c31d5000/timeouts [39m[32m200[39m [90m1 ms - 14[39m
[35m[HTTP][39m [90m[39m
[35m[HTTP][39m [37m-->[39m [37mPOST[39m [37m/wd/hub/session/93d89e12-55b2-457f-aae7-7a99c31d5000/elements[39m
[35m[HTTP][39m [90m{"using":"xpath","value":"(//*[@class = 'android.view.View' and @resource-id = '' and (@content-desc = 'View Timeline')])[1]"}[39m
[35m[HTTP][39m [37m<-- POST /wd/hub/session/93d89e12-55b2-457f-aae7-7a99c31d5000/elements [39m[32m200[39m [90m47 ms - 139[39m
[35m[HTTP][39m [90m[39m
[35m[HTTP][39m [37m-->[39m [37mGET[39m [37m/wd/hub/session/93d89e12-55b2-457f-aae7-7a99c31d5000/element/00000000-0000-06ed-0000-00bb00000003/location[39m
[35m[HTTP][39m [90m{}[39m
[35m[W3C (93d89e12)][39m Driver proxy active, passing request on via HTTP proxy
[35m[WD Proxy][39m Replacing sessionId fd471390-7bff-4397-8e4b-9497a552275b with 93d89e12-55b2-457f-aae7-7a99c31d5000
[35m[HTTP][39m [37m<-- GET /wd/hub/session/93d89e12-55b2-457f-aae7-7a99c31d5000/element/00000000-0000-06ed-0000-00bb00000003/location [39m[32m200[39m [90m22 ms - 78[39m
[35m[HTTP][39m [90m[39m
[35m[HTTP][39m [37m-->[39m [37mGET[39m [37m/wd/hub/session/93d89e12-55b2-457f-aae7-7a99c31d5000/element/00000000-0000-06ed-0000-00bb00000003/size[39m
[35m[HTTP][39m [90m{}[39m
[35m[W3C (93d89e12)][39m Driver proxy active, passing request on via HTTP proxy
[35m[WD Proxy][39m Replacing sessionId fd471390-7bff-4397-8e4b-9497a552275b with 93d89e12-55b2-457f-aae7-7a99c31d5000
[35m[HTTP][39m [37m<-- GET /wd/hub/session/93d89e12-55b2-457f-aae7-7a99c31d5000/element/00000000-0000-06ed-0000-00bb00000003/size [39m[32m200[39m [90m17 ms - 87[39m
[35m[HTTP][39m [90m[39m
[35m[HTTP][39m [37m-->[39m [37mDELETE[39m [37m/wd/hub/session/93d89e12-55b2-457f-aae7-7a99c31d5000[39m
[35m[HTTP][39m [90m{}[39m
[35m[Appium][39m Removing session 93d89e12-55b2-457f-aae7-7a99c31d5000 from our master session list
[35m[UiAutomator2][39m Did not get confirmation UiAutomator2 deleteSession worked; Error was: UnknownError: An unknown server-side error occurred while processing the command. Original error: 'DELETE /' cannot be proxied to UiAutomator2 server because the instrumentation process is not running (probably crashed). Check the server log and/or the logcat output for more details
[35m[UiAutomator2][39m Unable to remove system port forward: Error executing adbExec. Original error: 'Command 'C:\\Users\\Elite66\\AppData\\Local\\Android\\Sdk\\platform-tools\\adb.exe -P 5037 -s emulator-5554 forward --remove tcp\:8273' exited with code 1'; Command output: adb.exe: error: listener 'tcp:8273' not found
[35m[UiAutomator2][39m 
[35m[UiAutomator2][39m Restoring hidden api policy to the device default configuration
[35m[HTTP][39m [37m<-- DELETE /wd/hub/session/93d89e12-55b2-457f-aae7-7a99c31d5000 [39m[32m200[39m [90m266 ms - 14[39m
[35m[HTTP][39m [90m[39m
